Jul 14, 2019 7:49:11 AM org.apache.catalina.startup.VersionLoggerListener log
INFO: Server version:        Apache Tomcat/7.0.68
Jul 14, 2019 7:49:11 AM org.apache.catalina.startup.VersionLoggerListener log
INFO: Server built:          Feb 8 2016 20:25:54 UTC
Jul 14, 2019 7:49:11 AM org.apache.catalina.startup.VersionLoggerListener log
INFO: Server number:         7.0.68.0
Jul 14, 2019 7:49:11 AM org.apache.catalina.startup.VersionLoggerListener log
INFO: OS Name:               Linux
Jul 14, 2019 7:49:11 AM org.apache.catalina.startup.VersionLoggerListener log
INFO: OS Version:            4.9.125-linuxkit
Jul 14, 2019 7:49:11 AM org.apache.catalina.startup.VersionLoggerListener log
INFO: Architecture:          amd64
Jul 14, 2019 7:49:11 AM org.apache.catalina.startup.VersionLoggerListener log
INFO: Java Home:             /usr/lib/jvm/oracle-jdk/jre
Jul 14, 2019 7:49:11 AM org.apache.catalina.startup.VersionLoggerListener log
INFO: JVM Version:           1.8.0_91-b14
Jul 14, 2019 7:49:11 AM org.apache.catalina.startup.VersionLoggerListener log
INFO: JVM Vendor:            Oracle Corporation
Jul 14, 2019 7:49:11 AM org.apache.catalina.startup.VersionLoggerListener log
INFO: CATALINA_BASE:         /opt/teamcity
Jul 14, 2019 7:49:11 AM org.apache.catalina.startup.VersionLoggerListener log
INFO: CATALINA_HOME:         /opt/teamcity
Jul 14, 2019 7:49:11 AM org.apache.catalina.startup.VersionLoggerListener log
INFO: Command line argument: -Djava.util.logging.config.file=/opt/teamcity/conf/logging.properties
Jul 14, 2019 7:49:11 AM org.apache.catalina.startup.VersionLoggerListener log
INFO: Command line argument: -Djava.util.logging.manager=org.apache.juli.ClassLoaderLogManager
Jul 14, 2019 7:49:11 AM org.apache.catalina.startup.VersionLoggerListener log
INFO: Command line argument: -Xmx512m
Jul 14, 2019 7:49:11 AM org.apache.catalina.startup.VersionLoggerListener log
INFO: Command line argument: -Dteamcity.configuration.path=../conf/teamcity-startup.properties
Jul 14, 2019 7:49:11 AM org.apache.catalina.startup.VersionLoggerListener log
INFO: Command line argument: -Dlog4j.configuration=file:/opt/teamcity/bin/../conf/teamcity-server-log4j.xml
Jul 14, 2019 7:49:11 AM org.apache.catalina.startup.VersionLoggerListener log
INFO: Command line argument: -Dteamcity_logs=../logs/
Jul 14, 2019 7:49:11 AM org.apache.catalina.startup.VersionLoggerListener log
INFO: Command line argument: -Djava.awt.headless=true
Jul 14, 2019 7:49:11 AM org.apache.catalina.startup.VersionLoggerListener log
INFO: Command line argument: -Djava.endorsed.dirs=/opt/teamcity/endorsed
Jul 14, 2019 7:49:11 AM org.apache.catalina.startup.VersionLoggerListener log
INFO: Command line argument: -Dcatalina.base=/opt/teamcity
Jul 14, 2019 7:49:11 AM org.apache.catalina.startup.VersionLoggerListener log
INFO: Command line argument: -Dcatalina.home=/opt/teamcity
Jul 14, 2019 7:49:11 AM org.apache.catalina.startup.VersionLoggerListener log
INFO: Command line argument: -Djava.io.tmpdir=/opt/teamcity/temp
Jul 14, 2019 7:49:11 AM org.apache.catalina.core.AprLifecycleListener lifecycleEvent
INFO: The APR based Apache Tomcat Native library which allows optimal performance in production environments was not found on the java.library.path: /usr/java/packages/lib/amd64:/usr/lib64:/lib64:/lib:/usr/lib
Jul 14, 2019 7:49:11 AM org.apache.coyote.AbstractProtocol init
INFO: Initializing ProtocolHandler ["http-nio-8111"]
Jul 14, 2019 7:49:11 AM org.apache.tomcat.util.net.NioSelectorPool getSharedSelector
INFO: Using a shared selector for servlet write/read
Jul 14, 2019 7:49:11 AM org.apache.catalina.startup.Catalina load
INFO: Initialization processed in 1001 ms
Jul 14, 2019 7:49:12 AM org.apache.catalina.core.StandardService startInternal
INFO: Starting service Catalina
Jul 14, 2019 7:49:12 AM org.apache.catalina.core.StandardEngine startInternal
INFO: Starting Servlet Engine: Apache Tomcat/7.0.68
Jul 14, 2019 7:49:12 AM org.apache.catalina.startup.HostConfig deployDirectory
INFO: Deploying web application directory /opt/teamcity/webapps/ROOT
Jul 14, 2019 7:49:15 AM org.apache.catalina.startup.TldConfig execute
INFO: At least one JAR was scanned for TLDs yet contained no TLDs. Enable debug logging for this logger for a complete list of JARs that were scanned but no TLDs were found in them. Skipping unneeded JARs during scanning can improve startup time and JSP compilation time.
Using logs directory /opt/teamcity/logs
Log4J configuration file /opt/teamcity/bin/../conf/teamcity-server-log4j.xml will be monitored with interval 10 seconds.
Jul 14, 2019 7:49:15 AM org.apache.catalina.startup.HostConfig deployDirectory
INFO: Deployment of web application directory /opt/teamcity/webapps/ROOT has finished in 3,728 ms
Jul 14, 2019 7:49:15 AM org.apache.coyote.AbstractProtocol start
INFO: Starting ProtocolHandler ["http-nio-8111"]
Jul 14, 2019 7:49:15 AM org.apache.catalina.startup.Catalina start
INFO: Server startup in 3804 ms
TeamCity version: 10.0.1 (build 42078), data format version 787
OS: Linux, User: root, Java: 1.8.0_91, Java HotSpot(TM) 64-Bit Server VM (25.91-b14, mixed mode), Java(TM) SE Runtime Environment (1.8.0_91-b14), Oracle Corporation
JVM parameters: -Djava.util.logging.config.file=/opt/teamcity/conf/logging.properties -Djava.util.logging.manager=org.apache.juli.ClassLoaderLogManager -Xmx512m -Dteamcity.configuration.path=../conf/teamcity-startup.properties -Dlog4j.configuration=file:/opt/teamcity/bin/../conf/teamcity-server-log4j.xml -Dteamcity_logs=../logs/ -Djava.awt.headless=true -Djava.endorsed.dirs=/opt/teamcity/endorsed -Dcatalina.base=/opt/teamcity -Dcatalina.home=/opt/teamcity -Djava.io.tmpdir=/opt/teamcity/temp
Startup confirmation is required. Open TeamCity web page in the browser
